<?xml version="1.0" encoding="UTF-8"?>
<robot generator="Robot 5.0.1 (Python 3.10.4 on win32)" generated="20220721 12:54:03.888" rpa="false" schemaversion="3">
<suite id="s1" name="techEd" source="C:\Users\00003073\PycharmProjects\RobotProject\testscripts\techEd.robot">
<test id="s1-t1" name="TC_001" line="12">
<kw name="Open Browser" library="SeleniumLibrary">
<arg>${appurl}</arg>
<arg>${browsername}</arg>
<doc>Opens a new browser instance to the optional ``url``.</doc>
<msg timestamp="20220721 12:54:04.188" level="INFO">Opening browser 'chrome' to base url 'https://techedtrainings.com'.</msg>
<status status="PASS" starttime="20220721 12:54:04.188" endtime="20220721 12:54:09.871"/>
</kw>
<kw name="Maximize Browser Window" library="SeleniumLibrary">
<doc>Maximizes current browser window.</doc>
<status status="PASS" starttime="20220721 12:54:09.872" endtime="20220721 12:54:10.013"/>
</kw>
<kw name="Click Element" library="SeleniumLibrary">
<arg>(//a[text()='Contact'])[1]</arg>
<doc>Click the element identified by ``locator``.</doc>
<msg timestamp="20220721 12:54:10.015" level="INFO">Clicking element '(//a[text()='Contact'])[1]'.</msg>
<status status="PASS" starttime="20220721 12:54:10.014" endtime="20220721 12:54:11.256"/>
</kw>
<kw name="Wait Until Page Contains" library="SeleniumLibrary">
<arg>Contact</arg>
<doc>Waits until ``text`` appears on the current page.</doc>
<status status="PASS" starttime="20220721 12:54:11.258" endtime="20220721 12:54:11.304"/>
</kw>
<kw name="Wait Until Page Contains" library="SeleniumLibrary">
<arg>info@techedtrainings.com</arg>
<doc>Waits until ``text`` appears on the current page.</doc>
<status status="PASS" starttime="20220721 12:54:11.305" endtime="20220721 12:54:11.319"/>
</kw>
<kw name="Input Text" library="SeleniumLibrary">
<arg>text-name</arg>
<arg>Prashanthi K</arg>
<doc>Types the given ``text`` into the text field identified by ``locator``.</doc>
<msg timestamp="20220721 12:54:11.320" level="INFO">Typing text 'Prashanthi K' into text field 'text-name'.</msg>
<status status="PASS" starttime="20220721 12:54:11.319" endtime="20220721 12:54:11.428"/>
</kw>
<kw name="Sleep" library="BuiltIn">
<arg>5</arg>
<doc>Pauses the test executed for the given time.</doc>
<msg timestamp="20220721 12:54:16.433" level="INFO">Slept 5 seconds</msg>
<status status="PASS" starttime="20220721 12:54:11.428" endtime="20220721 12:54:16.433"/>
</kw>
<kw name="Get Location" library="SeleniumLibrary">
<var>${currURL}</var>
<doc>Returns the current browser window URL.</doc>
<msg timestamp="20220721 12:54:16.441" level="INFO">${currURL} = https://techedtrainings.com/contact/</msg>
<status status="PASS" starttime="20220721 12:54:16.434" endtime="20220721 12:54:16.441"/>
</kw>
<kw name="Catenate" library="BuiltIn">
<var>${textToPrint}</var>
<arg>${prefix}</arg>
<arg>${currURL}</arg>
<doc>Catenates the given items together and returns the resulted string.</doc>
<msg timestamp="20220721 12:54:16.443" level="INFO">${textToPrint} = The current URL is: https://techedtrainings.com/contact/</msg>
<status status="PASS" starttime="20220721 12:54:16.442" endtime="20220721 12:54:16.443"/>
</kw>
<kw name="Log To Console" library="BuiltIn">
<arg>${textToPrint}</arg>
<doc>Logs the given message to the console.</doc>
<status status="PASS" starttime="20220721 12:54:16.444" endtime="20220721 12:54:16.444"/>
</kw>
<kw name="Select From List By Value" library="SeleniumLibrary">
<arg>menu-363</arg>
<arg>Data Science</arg>
<doc>Selects options from selection list ``locator`` by ``values``.</doc>
<msg timestamp="20220721 12:54:16.445" level="INFO">Selecting options from selection list 'menu-363' by value Data Science.</msg>
<status status="PASS" starttime="20220721 12:54:16.445" endtime="20220721 12:54:16.814"/>
</kw>
<kw name="Sleep" library="BuiltIn">
<arg>3</arg>
<doc>Pauses the test executed for the given time.</doc>
<msg timestamp="20220721 12:54:19.818" level="INFO">Slept 3 seconds</msg>
<status status="PASS" starttime="20220721 12:54:16.815" endtime="20220721 12:54:19.818"/>
</kw>
<kw name="Select From List By Index" library="SeleniumLibrary">
<arg>menu-363</arg>
<arg>2</arg>
<doc>Selects options from selection list ``locator`` by ``indexes``.</doc>
<msg timestamp="20220721 12:54:19.819" level="INFO">Selecting options from selection list 'menu-363' by index 2.</msg>
<status status="PASS" starttime="20220721 12:54:19.819" endtime="20220721 12:54:19.937"/>
</kw>
<kw name="Sleep" library="BuiltIn">
<arg>3</arg>
<doc>Pauses the test executed for the given time.</doc>
<msg timestamp="20220721 12:54:22.951" level="INFO">Slept 3 seconds</msg>
<status status="PASS" starttime="20220721 12:54:19.937" endtime="20220721 12:54:22.951"/>
</kw>
<kw name="Select From List By Value" library="SeleniumLibrary">
<arg>menu-363</arg>
<arg>Programming</arg>
<doc>Selects options from selection list ``locator`` by ``values``.</doc>
<msg timestamp="20220721 12:54:22.951" level="INFO">Selecting options from selection list 'menu-363' by value Programming.</msg>
<status status="PASS" starttime="20220721 12:54:22.951" endtime="20220721 12:54:23.020"/>
</kw>
<kw name="Sleep" library="BuiltIn">
<arg>3</arg>
<doc>Pauses the test executed for the given time.</doc>
<msg timestamp="20220721 12:54:26.026" level="INFO">Slept 3 seconds</msg>
<status status="PASS" starttime="20220721 12:54:23.021" endtime="20220721 12:54:26.026"/>
</kw>
<kw name="Close All Browsers" library="SeleniumLibrary">
<doc>Closes all open browsers and resets the browser cache.</doc>
<status status="PASS" starttime="20220721 12:54:26.028" endtime="20220721 12:54:28.371"/>
</kw>
<status status="PASS" starttime="20220721 12:54:04.187" endtime="20220721 12:54:28.372"/>
</test>
<status status="PASS" starttime="20220721 12:54:03.893" endtime="20220721 12:54:28.374"/>
</suite>
<statistics>
<total>
<stat pass="1" fail="0" skip="0">All Tests</stat>
</total>
<tag>
</tag>
<suite>
<stat pass="1" fail="0" skip="0" id="s1" name="techEd">techEd</stat>
</suite>
</statistics>
<errors>
</errors>
</robot>
