<?xml version="1.0" encoding="UTF-8"?>
<robot generator="Robot 5.0.1 (Python 3.10.4 on win32)" generated="20220726 09:25:53.290" rpa="false" schemaversion="3">
<suite id="s1" name="Day6PopupHandle2" source="C:\Users\00003073\PycharmProjects\RobotProject\testscripts\Day6PopupHandle2.robot">
<test id="s1-t1" name="TC_001" line="16">
<kw name="LaunchMyWebsite" type="SETUP">
<kw name="Open Browser" library="SeleniumLibrary">
<arg>${appurl}</arg>
<arg>${browsername}</arg>
<doc>Opens a new browser instance to the optional ``url``.</doc>
<msg timestamp="20220726 09:25:53.740" level="INFO">Opening browser 'chrome' to base url 'https://the-internet.herokuapp.com/javascript_alerts'.</msg>
<status status="PASS" starttime="20220726 09:25:53.739" endtime="20220726 09:25:59.688"/>
</kw>
<kw name="Maximize Browser Window" library="SeleniumLibrary">
<doc>Maximizes current browser window.</doc>
<status status="PASS" starttime="20220726 09:25:59.688" endtime="20220726 09:25:59.814"/>
</kw>
<status status="PASS" starttime="20220726 09:25:53.739" endtime="20220726 09:25:59.815"/>
</kw>
<kw name="Click Button" library="SeleniumLibrary">
<arg>JavaScriptAlertbtn</arg>
<doc>Clicks the button identified by ``locator``.</doc>
<msg timestamp="20220726 09:25:59.816" level="INFO">Clicking button 'JavaScriptAlertbtn'.</msg>
<msg timestamp="20220726 09:25:59.940" level="INFO" html="true">&lt;/td&gt;&lt;/tr&gt;&lt;tr&gt;&lt;td colspan="3"&gt;&lt;a href="selenium-screenshot-7.png"&gt;&lt;img src="selenium-screenshot-7.png" width="800px"&gt;&lt;/a&gt;</msg>
<msg timestamp="20220726 09:25:59.941" level="FAIL">Button with locator 'JavaScriptAlertbtn' not found.</msg>
<status status="FAIL" starttime="20220726 09:25:59.815" endtime="20220726 09:25:59.949"/>
</kw>
<kw name="Sleep" library="BuiltIn">
<arg>1</arg>
<doc>Pauses the test executed for the given time.</doc>
<status status="NOT RUN" starttime="20220726 09:25:59.950" endtime="20220726 09:25:59.950"/>
</kw>
<kw name="Handle Alert" library="SeleniumLibrary">
<var>${pop_up_text}</var>
<doc>Handles the current alert and returns its message.</doc>
<status status="NOT RUN" starttime="20220726 09:25:59.951" endtime="20220726 09:25:59.951"/>
</kw>
<kw name="Log To Console" library="BuiltIn">
<arg>${pop_up_text}</arg>
<doc>Logs the given message to the console.</doc>
<status status="NOT RUN" starttime="20220726 09:25:59.951" endtime="20220726 09:25:59.951"/>
</kw>
<kw name="Element Text Should Be" library="SeleniumLibrary">
<arg>//p[@id='result']</arg>
<arg>You successfully clicked an alert</arg>
<doc>Verifies that element ``locator`` contains exact the text ``expected``.</doc>
<status status="NOT RUN" starttime="20220726 09:25:59.951" endtime="20220726 09:25:59.951"/>
</kw>
<kw name="Sleep" library="BuiltIn">
<arg>1</arg>
<doc>Pauses the test executed for the given time.</doc>
<status status="NOT RUN" starttime="20220726 09:25:59.952" endtime="20220726 09:25:59.952"/>
</kw>
<kw name="CloseMyWebsite" type="TEARDOWN">
<kw name="Close All Browsers" library="SeleniumLibrary">
<doc>Closes all open browsers and resets the browser cache.</doc>
<status status="PASS" starttime="20220726 09:25:59.954" endtime="20220726 09:26:02.235"/>
</kw>
<status status="PASS" starttime="20220726 09:25:59.952" endtime="20220726 09:26:02.236"/>
</kw>
<status status="FAIL" starttime="20220726 09:25:53.738" endtime="20220726 09:26:02.236">Button with locator 'JavaScriptAlertbtn' not found.</status>
</test>
<test id="s1-t2" name="TC_002" line="30">
<kw name="LaunchMyWebsite" type="SETUP">
<kw name="Open Browser" library="SeleniumLibrary">
<arg>${appurl}</arg>
<arg>${browsername}</arg>
<doc>Opens a new browser instance to the optional ``url``.</doc>
<msg timestamp="20220726 09:26:02.240" level="INFO">Opening browser 'chrome' to base url 'https://the-internet.herokuapp.com/javascript_alerts'.</msg>
<status status="PASS" starttime="20220726 09:26:02.240" endtime="20220726 09:26:07.174"/>
</kw>
<kw name="Maximize Browser Window" library="SeleniumLibrary">
<doc>Maximizes current browser window.</doc>
<status status="PASS" starttime="20220726 09:26:07.174" endtime="20220726 09:26:07.299"/>
</kw>
<status status="PASS" starttime="20220726 09:26:02.239" endtime="20220726 09:26:07.300"/>
</kw>
<kw name="Click Button" library="SeleniumLibrary">
<arg>//button[text()='Click for JS Confirm']</arg>
<doc>Clicks the button identified by ``locator``.</doc>
<msg timestamp="20220726 09:26:07.301" level="INFO">Clicking button '//button[text()='Click for JS Confirm']'.</msg>
<status status="PASS" starttime="20220726 09:26:07.300" endtime="20220726 09:26:07.377"/>
</kw>
<kw name="Sleep" library="BuiltIn">
<arg>1</arg>
<doc>Pauses the test executed for the given time.</doc>
<msg timestamp="20220726 09:26:08.383" level="INFO">Slept 1 second</msg>
<status status="PASS" starttime="20220726 09:26:07.378" endtime="20220726 09:26:08.383"/>
</kw>
<kw name="Handle Alert" library="SeleniumLibrary">
<var>${pop_up_text}</var>
<arg>action=DISMISS</arg>
<doc>Handles the current alert and returns its message.</doc>
<msg timestamp="20220726 09:26:08.384" level="INFO">HANDLE::&lt;class 'NoneType'&gt;::None</msg>
<msg timestamp="20220726 09:26:08.390" level="INFO">${pop_up_text} = I am a JS Confirm</msg>
<status status="PASS" starttime="20220726 09:26:08.384" endtime="20220726 09:26:08.391"/>
</kw>
<kw name="Log To Console" library="BuiltIn">
<arg>${pop_up_text}</arg>
<doc>Logs the given message to the console.</doc>
<status status="PASS" starttime="20220726 09:26:08.391" endtime="20220726 09:26:08.392"/>
</kw>
<kw name="Element Text Should Be" library="SeleniumLibrary">
<arg>//p[@id='result']</arg>
<arg>You clicked: Cancel</arg>
<doc>Verifies that element ``locator`` contains exact the text ``expected``.</doc>
<msg timestamp="20220726 09:26:08.393" level="INFO">Verifying element '//p[@id='result']' contains exact text 'You clicked: Cancel'.</msg>
<status status="PASS" starttime="20220726 09:26:08.393" endtime="20220726 09:26:08.425"/>
</kw>
<kw name="Sleep" library="BuiltIn">
<arg>1</arg>
<doc>Pauses the test executed for the given time.</doc>
<msg timestamp="20220726 09:26:09.427" level="INFO">Slept 1 second</msg>
<status status="PASS" starttime="20220726 09:26:08.425" endtime="20220726 09:26:09.427"/>
</kw>
<kw name="Click Button" library="SeleniumLibrary">
<arg>//button[text()='Click for JS Confirm']</arg>
<doc>Clicks the button identified by ``locator``.</doc>
<msg timestamp="20220726 09:26:09.428" level="INFO">Clicking button '//button[text()='Click for JS Confirm']'.</msg>
<status status="PASS" starttime="20220726 09:26:09.428" endtime="20220726 09:26:09.472"/>
</kw>
<kw name="Sleep" library="BuiltIn">
<arg>1</arg>
<doc>Pauses the test executed for the given time.</doc>
<msg timestamp="20220726 09:26:10.477" level="INFO">Slept 1 second</msg>
<status status="PASS" starttime="20220726 09:26:09.473" endtime="20220726 09:26:10.477"/>
</kw>
<kw name="Handle Alert" library="SeleniumLibrary">
<var>${pop_up_text}</var>
<arg>action=ACCEPT</arg>
<doc>Handles the current alert and returns its message.</doc>
<msg timestamp="20220726 09:26:10.478" level="INFO">HANDLE::&lt;class 'NoneType'&gt;::None</msg>
<msg timestamp="20220726 09:26:10.484" level="INFO">${pop_up_text} = I am a JS Confirm</msg>
<status status="PASS" starttime="20220726 09:26:10.478" endtime="20220726 09:26:10.484"/>
</kw>
<kw name="Log To Console" library="BuiltIn">
<arg>${pop_up_text}</arg>
<doc>Logs the given message to the console.</doc>
<status status="PASS" starttime="20220726 09:26:10.485" endtime="20220726 09:26:10.486"/>
</kw>
<kw name="Element Text Should Be" library="SeleniumLibrary">
<arg>//p[@id='result']</arg>
<arg>You clicked: Ok</arg>
<doc>Verifies that element ``locator`` contains exact the text ``expected``.</doc>
<msg timestamp="20220726 09:26:10.488" level="INFO">Verifying element '//p[@id='result']' contains exact text 'You clicked: Ok'.</msg>
<status status="PASS" starttime="20220726 09:26:10.487" endtime="20220726 09:26:10.506"/>
</kw>
<kw name="Sleep" library="BuiltIn">
<arg>1</arg>
<doc>Pauses the test executed for the given time.</doc>
<msg timestamp="20220726 09:26:11.521" level="INFO">Slept 1 second</msg>
<status status="PASS" starttime="20220726 09:26:10.506" endtime="20220726 09:26:11.521"/>
</kw>
<kw name="CloseMyWebsite" type="TEARDOWN">
<kw name="Close All Browsers" library="SeleniumLibrary">
<doc>Closes all open browsers and resets the browser cache.</doc>
<status status="PASS" starttime="20220726 09:26:11.522" endtime="20220726 09:26:13.761"/>
</kw>
<status status="PASS" starttime="20220726 09:26:11.522" endtime="20220726 09:26:13.762"/>
</kw>
<status status="PASS" starttime="20220726 09:26:02.239" endtime="20220726 09:26:13.764"/>
</test>
<test id="s1-t3" name="TC_003" line="57">
<kw name="LaunchMyWebsite" type="SETUP">
<kw name="Open Browser" library="SeleniumLibrary">
<arg>${appurl}</arg>
<arg>${browsername}</arg>
<doc>Opens a new browser instance to the optional ``url``.</doc>
<msg timestamp="20220726 09:26:13.771" level="INFO">Opening browser 'chrome' to base url 'https://the-internet.herokuapp.com/javascript_alerts'.</msg>
<status status="PASS" starttime="20220726 09:26:13.770" endtime="20220726 09:26:18.584"/>
</kw>
<kw name="Maximize Browser Window" library="SeleniumLibrary">
<doc>Maximizes current browser window.</doc>
<status status="PASS" starttime="20220726 09:26:18.584" endtime="20220726 09:26:18.711"/>
</kw>
<status status="PASS" starttime="20220726 09:26:13.769" endtime="20220726 09:26:18.711"/>
</kw>
<kw name="Click Button" library="SeleniumLibrary">
<arg>//button[text()='Click for JS Prompt']</arg>
<doc>Clicks the button identified by ``locator``.</doc>
<msg timestamp="20220726 09:26:18.712" level="INFO">Clicking button '//button[text()='Click for JS Prompt']'.</msg>
<status status="PASS" starttime="20220726 09:26:18.712" endtime="20220726 09:26:18.783"/>
</kw>
<kw name="Sleep" library="BuiltIn">
<arg>1</arg>
<doc>Pauses the test executed for the given time.</doc>
<msg timestamp="20220726 09:26:19.794" level="INFO">Slept 1 second</msg>
<status status="PASS" starttime="20220726 09:26:18.784" endtime="20220726 09:26:19.794"/>
</kw>
<kw name="Handle Alert" library="SeleniumLibrary">
<var>${pop_up_text}</var>
<arg>action=DISMISS</arg>
<doc>Handles the current alert and returns its message.</doc>
<msg timestamp="20220726 09:26:19.795" level="INFO">HANDLE::&lt;class 'NoneType'&gt;::None</msg>
<msg timestamp="20220726 09:26:19.800" level="INFO">${pop_up_text} = I am a JS prompt</msg>
<status status="PASS" starttime="20220726 09:26:19.794" endtime="20220726 09:26:19.800"/>
</kw>
<kw name="Log To Console" library="BuiltIn">
<arg>${pop_up_text}</arg>
<doc>Logs the given message to the console.</doc>
<status status="PASS" starttime="20220726 09:26:19.801" endtime="20220726 09:26:19.801"/>
</kw>
<kw name="Element Text Should Be" library="SeleniumLibrary">
<arg>//p[@id='result']</arg>
<arg>You entered: null</arg>
<doc>Verifies that element ``locator`` contains exact the text ``expected``.</doc>
<msg timestamp="20220726 09:26:19.803" level="INFO">Verifying element '//p[@id='result']' contains exact text 'You entered: null'.</msg>
<status status="PASS" starttime="20220726 09:26:19.802" endtime="20220726 09:26:19.830"/>
</kw>
<kw name="Click Button" library="SeleniumLibrary">
<arg>//button[text()='Click for JS Prompt']</arg>
<doc>Clicks the button identified by ``locator``.</doc>
<msg timestamp="20220726 09:26:19.832" level="INFO">Clicking button '//button[text()='Click for JS Prompt']'.</msg>
<status status="PASS" starttime="20220726 09:26:19.831" endtime="20220726 09:26:19.883"/>
</kw>
<kw name="Sleep" library="BuiltIn">
<arg>2</arg>
<doc>Pauses the test executed for the given time.</doc>
<msg timestamp="20220726 09:26:21.885" level="INFO">Slept 2 seconds</msg>
<status status="PASS" starttime="20220726 09:26:19.884" endtime="20220726 09:26:21.885"/>
</kw>
<kw name="Input Text Into Alert" library="SeleniumLibrary">
<arg>Prashanthi</arg>
<arg>action=ACCEPT</arg>
<doc>Types the given ``text`` into an input field in an alert.</doc>
<status status="PASS" starttime="20220726 09:26:21.885" endtime="20220726 09:26:21.891"/>
</kw>
<kw name="Element Text Should Be" library="SeleniumLibrary">
<arg>//p[@id='result']</arg>
<arg>You entered: Prashanthi</arg>
<doc>Verifies that element ``locator`` contains exact the text ``expected``.</doc>
<msg timestamp="20220726 09:26:21.894" level="INFO">Verifying element '//p[@id='result']' contains exact text 'You entered: Prashanthi'.</msg>
<status status="PASS" starttime="20220726 09:26:21.892" endtime="20220726 09:26:21.911"/>
</kw>
<kw name="CloseMyWebsite" type="TEARDOWN">
<kw name="Close All Browsers" library="SeleniumLibrary">
<doc>Closes all open browsers and resets the browser cache.</doc>
<status status="PASS" starttime="20220726 09:26:21.912" endtime="20220726 09:26:24.118"/>
</kw>
<status status="PASS" starttime="20220726 09:26:21.912" endtime="20220726 09:26:24.119"/>
</kw>
<status status="PASS" starttime="20220726 09:26:13.768" endtime="20220726 09:26:24.119"/>
</test>
<status status="FAIL" starttime="20220726 09:25:53.294" endtime="20220726 09:26:24.121"/>
</suite>
<statistics>
<total>
<stat pass="2" fail="1" skip="0">All Tests</stat>
</total>
<tag>
</tag>
<suite>
<stat pass="2" fail="1" skip="0" id="s1" name="Day6PopupHandle2">Day6PopupHandle2</stat>
</suite>
</statistics>
<errors>
</errors>
</robot>
